{"/Users/evankaplan/Desktop/airbnb-photos-module/client/src/components/App.jsx": {"path":"/Users/evankaplan/Desktop/airbnb-photos-module/client/src/components/App.jsx","statementMap":{"0":{"start":{"line":3,"column":12},"end":{"line":5,"column":1}},"1":{"start":{"line":4,"column":2},"end":{"line":4,"column":22}}},"fnMap":{"0":{"name":"(anonymous_0)","decl":{"start":{"line":3,"column":12},"end":{"line":3,"column":13}},"loc":{"start":{"line":4,"column":2},"end":{"line":4,"column":22}},"line":4}},"branchMap":{},"s":{"0":1,"1":1},"f":{"0":1},"b":{},"_coverageSchema":"43e27e138ebf9cfc5966b082cf9a028302ed4184","hash":"16e36ee8e7715ecd530889ab979cf57e3a9ebd86"}
}
